build/app/intermediates/manifest_merge_blame_file/release/manifest-merger-blame-release-report.txt
1<?xml version="1.0" encoding="utf-8"?>
2<manifest xmlns:android="http://schemas.android.com/apk/res/android"
3    package="fr.olimpique"
4    android:versionCode="1"
5    android:versionName="1.0" >
6
7    <uses-sdk
8        android:minSdkVersion="21"
8-->src\main\AndroidManifest.xml
9        android:targetSdkVersion="34" />
9-->src\main\AndroidManifest.xml
10
11    <uses-permission android:name="android.permission.INTERNET" />
11-->src\main\AndroidManifest.xml:2:5-3:53
11-->src\main\AndroidManifest.xml:3:9-51
12    <uses-permission android:name="android.permission.WRITE_EXTERNAL_STORAGE" />
12-->src\main\AndroidManifest.xml:4:5-5:67
12-->src\main\AndroidManifest.xml:5:9-65
13    <uses-permission android:name="android.permission.READ_EXTERNAL_STORAGE" />
13-->src\main\AndroidManifest.xml:6:5-7:66
13-->src\main\AndroidManifest.xml:7:9-64
14    <uses-permission android:name="android.permission.RECORD_AUDIO" />
14-->src\main\AndroidManifest.xml:8:5-9:57
14-->src\main\AndroidManifest.xml:9:9-55
15    <uses-permission
15-->src\main\AndroidManifest.xml:10:5-11:54
16        android:name="android.permission.BLUETOOTH"
16-->src\main\AndroidManifest.xml:11:9-52
17        android:maxSdkVersion="30" />
17-->[com.github.davidliu:audioswitch:89582c47c9a04c62f90aa5e57251af4800a62c9a] AndroidManifest.xml:11:9-35
18    <uses-permission android:name="android.permission.BLUETOOTH_ADMIN" />
18-->src\main\AndroidManifest.xml:12:5-13:60
18-->src\main\AndroidManifest.xml:13:9-58
19    <uses-permission android:name="android.permission.BLUETOOTH_CONNECT" />
19-->src\main\AndroidManifest.xml:14:5-15:62
19-->src\main\AndroidManifest.xml:15:9-60
20    <uses-permission android:name="android.permission.CAMERA" />
20-->src\main\AndroidManifest.xml:16:5-17:51
20-->src\main\AndroidManifest.xml:17:9-49
21    <uses-permission android:name="android.permission.MODIFY_AUDIO_SETTINGS" />
21-->src\main\AndroidManifest.xml:18:5-19:66
21-->src\main\AndroidManifest.xml:19:9-64
22    <!--
23         Required to query activities that can process text, see:
24         https://developer.android.com/training/package-visibility and
25         https://developer.android.com/reference/android/content/Intent#ACTION_PROCESS_TEXT.
26
27         In particular, this is used by the Flutter engine in io.flutter.plugin.text.ProcessTextPlugin.
28    -->
29    <queries>
29-->src\main\AndroidManifest.xml:57:5-62:15
30        <intent>
30-->src\main\AndroidManifest.xml:58:9-61:18
31            <action android:name="android.intent.action.PROCESS_TEXT" />
31-->src\main\AndroidManifest.xml:59:13-72
31-->src\main\AndroidManifest.xml:59:21-70
32
33            <data android:mimeType="text/plain" />
33-->src\main\AndroidManifest.xml:60:13-50
33-->src\main\AndroidManifest.xml:60:19-48
34        </intent>
35        <intent>
35-->[androidx.media2:media2-session:1.2.1] AndroidManifest.xml:25:9-27:18
36            <action android:name="android.media.browse.MediaBrowserService" />
36-->[androidx.media2:media2-session:1.2.1] AndroidManifest.xml:26:13-79
36-->[androidx.media2:media2-session:1.2.1] AndroidManifest.xml:26:21-76
37        </intent>
38        <intent>
38-->[androidx.media2:media2-session:1.2.1] AndroidManifest.xml:28:9-30:18
39            <action android:name="androidx.media2.session.MediaSessionService" />
39-->[androidx.media2:media2-session:1.2.1] AndroidManifest.xml:29:13-82
39-->[androidx.media2:media2-session:1.2.1] AndroidManifest.xml:29:21-79
40        </intent>
41        <intent>
41-->[androidx.media2:media2-session:1.2.1] AndroidManifest.xml:31:9-33:18
42            <action android:name="androidx.media2.session.MediaLibraryService" />
42-->[androidx.media2:media2-session:1.2.1] AndroidManifest.xml:32:13-82
42-->[androidx.media2:media2-session:1.2.1] AndroidManifest.xml:32:21-79
43        </intent>
44    </queries>
45
46    <uses-permission android:name="android.permission.ACCESS_NETWORK_STATE" />
46-->[com.google.android.exoplayer:exoplayer-core:2.18.7] AndroidManifest.xml:24:5-79
46-->[com.google.android.exoplayer:exoplayer-core:2.18.7] AndroidManifest.xml:24:22-76
47
48    <permission
48-->[androidx.core:core:1.13.1] AndroidManifest.xml:22:5-24:47
49        android:name="fr.olimpique.DYNAMIC_RECEIVER_NOT_EXPORTED_PERMISSION"
49-->[androidx.core:core:1.13.1] AndroidManifest.xml:23:9-81
50        android:protectionLevel="signature" />
50-->[androidx.core:core:1.13.1] AndroidManifest.xml:24:9-44
51
52    <uses-permission android:name="fr.olimpique.DYNAMIC_RECEIVER_NOT_EXPORTED_PERMISSION" />
52-->[androidx.core:core:1.13.1] AndroidManifest.xml:26:5-97
52-->[androidx.core:core:1.13.1] AndroidManifest.xml:26:22-94
53
54    <application
55        android:name="android.app.Application"
55-->src\main\AndroidManifest.xml:21:9-42
56        android:appComponentFactory="androidx.core.app.CoreComponentFactory"
56-->[androidx.core:core:1.13.1] AndroidManifest.xml:28:18-86
57        android:icon="@mipmap/ic_launcher"
57-->src\main\AndroidManifest.xml:23:9-43
58        android:label="olimpique" >
58-->src\main\AndroidManifest.xml:22:9-34
59        <activity
59-->src\main\AndroidManifest.xml:24:9-45:20
60            android:name="fr.olimpique.MainActivity"
60-->src\main\AndroidManifest.xml:25:13-41
61            android:configChanges="orientation|keyboardHidden|keyboard|screenSize|smallestScreenSize|locale|layoutDirection|fontScale|screenLayout|density|uiMode"
61-->src\main\AndroidManifest.xml:30:13-163
62            android:exported="true"
62-->src\main\AndroidManifest.xml:26:13-36
63            android:hardwareAccelerated="true"
63-->src\main\AndroidManifest.xml:31:13-47
64            android:launchMode="singleTop"
64-->src\main\AndroidManifest.xml:27:13-43
65            android:taskAffinity=""
65-->src\main\AndroidManifest.xml:28:13-36
66            android:theme="@style/LaunchTheme"
66-->src\main\AndroidManifest.xml:29:13-47
67            android:windowSoftInputMode="adjustResize" >
67-->src\main\AndroidManifest.xml:32:13-55
68
69            <!--
70                 Specifies an Android theme to apply to this Activity as soon as
71                 the Android process has started. This theme is visible to the user
72                 while the Flutter UI initializes. After that, this theme continues
73                 to determine the Window background behind the Flutter UI.
74            -->
75            <meta-data
75-->src\main\AndroidManifest.xml:37:13-40:17
76                android:name="io.flutter.embedding.android.NormalTheme"
76-->src\main\AndroidManifest.xml:38:15-70
77                android:resource="@style/NormalTheme" />
77-->src\main\AndroidManifest.xml:39:15-52
78
79            <intent-filter>
79-->src\main\AndroidManifest.xml:41:13-44:29
80                <action android:name="android.intent.action.MAIN" />
80-->src\main\AndroidManifest.xml:42:17-68
80-->src\main\AndroidManifest.xml:42:25-66
81
82                <category android:name="android.intent.category.LAUNCHER" />
82-->src\main\AndroidManifest.xml:43:17-76
82-->src\main\AndroidManifest.xml:43:27-74
83            </intent-filter>
84        </activity>
85        <!--
86             Don't delete the meta-data below.
87             This is used by the Flutter tool to generate GeneratedPluginRegistrant.java
88        -->
89        <meta-data
89-->src\main\AndroidManifest.xml:48:9-50:33
90            android:name="flutterEmbedding"
90-->src\main\AndroidManifest.xml:49:13-44
91            android:value="2" />
91-->src\main\AndroidManifest.xml:50:13-30
92
93        <provider
93-->[androidx.emoji2:emoji2:1.2.0] AndroidManifest.xml:24:9-32:20
94            android:name="androidx.startup.InitializationProvider"
94-->[androidx.emoji2:emoji2:1.2.0] AndroidManifest.xml:25:13-67
95            android:authorities="fr.olimpique.androidx-startup"
95-->[androidx.emoji2:emoji2:1.2.0] AndroidManifest.xml:26:13-68
96            android:exported="false" >
96-->[androidx.emoji2:emoji2:1.2.0] AndroidManifest.xml:27:13-37
97            <meta-data
97-->[androidx.emoji2:emoji2:1.2.0] AndroidManifest.xml:29:13-31:52
98                android:name="androidx.emoji2.text.EmojiCompatInitializer"
98-->[androidx.emoji2:emoji2:1.2.0] AndroidManifest.xml:30:17-75
99                android:value="androidx.startup" />
99-->[androidx.emoji2:emoji2:1.2.0] AndroidManifest.xml:31:17-49
100            <meta-data
100-->[androidx.lifecycle:lifecycle-process:2.7.0] AndroidManifest.xml:29:13-31:52
101                android:name="androidx.lifecycle.ProcessLifecycleInitializer"
101-->[androidx.lifecycle:lifecycle-process:2.7.0] AndroidManifest.xml:30:17-78
102                android:value="androidx.startup" />
102-->[androidx.lifecycle:lifecycle-process:2.7.0] AndroidManifest.xml:31:17-49
103            <meta-data
103-->[androidx.profileinstaller:profileinstaller:1.3.1] AndroidManifest.xml:29:13-31:52
104                android:name="androidx.profileinstaller.ProfileInstallerInitializer"
104-->[androidx.profileinstaller:profileinstaller:1.3.1] AndroidManifest.xml:30:17-85
105                android:value="androidx.startup" />
105-->[androidx.profileinstaller:profileinstaller:1.3.1] AndroidManifest.xml:31:17-49
106        </provider>
107
108        <uses-library
108-->[androidx.window:window:1.2.0] AndroidManifest.xml:23:9-25:40
109            android:name="androidx.window.extensions"
109-->[androidx.window:window:1.2.0] AndroidManifest.xml:24:13-54
110            android:required="false" />
110-->[androidx.window:window:1.2.0] AndroidManifest.xml:25:13-37
111        <uses-library
111-->[androidx.window:window:1.2.0] AndroidManifest.xml:26:9-28:40
112            android:name="androidx.window.sidecar"
112-->[androidx.window:window:1.2.0] AndroidManifest.xml:27:13-51
113            android:required="false" />
113-->[androidx.window:window:1.2.0] AndroidManifest.xml:28:13-37
114
115        <receiver
115-->[androidx.profileinstaller:profileinstaller:1.3.1] AndroidManifest.xml:34:9-52:20
116            android:name="androidx.profileinstaller.ProfileInstallReceiver"
116-->[androidx.profileinstaller:profileinstaller:1.3.1] AndroidManifest.xml:35:13-76
117            android:directBootAware="false"
117-->[androidx.profileinstaller:profileinstaller:1.3.1] AndroidManifest.xml:36:13-44
118            android:enabled="true"
118-->[androidx.profileinstaller:profileinstaller:1.3.1] AndroidManifest.xml:37:13-35
119            android:exported="true"
119-->[androidx.profileinstaller:profileinstaller:1.3.1] AndroidManifest.xml:38:13-36
120            android:permission="android.permission.DUMP" >
120-->[androidx.profileinstaller:profileinstaller:1.3.1] AndroidManifest.xml:39:13-57
121            <intent-filter>
121-->[androidx.profileinstaller:profileinstaller:1.3.1] AndroidManifest.xml:40:13-42:29
122                <action android:name="androidx.profileinstaller.action.INSTALL_PROFILE" />
122-->[androidx.profileinstaller:profileinstaller:1.3.1] AndroidManifest.xml:41:17-91
122-->[androidx.profileinstaller:profileinstaller:1.3.1] AndroidManifest.xml:41:25-88
123            </intent-filter>
124            <intent-filter>
124-->[androidx.profileinstaller:profileinstaller:1.3.1] AndroidManifest.xml:43:13-45:29
125                <action android:name="androidx.profileinstaller.action.SKIP_FILE" />
125-->[androidx.profileinstaller:profileinstaller:1.3.1] AndroidManifest.xml:44:17-85
125-->[androidx.profileinstaller:profileinstaller:1.3.1] AndroidManifest.xml:44:25-82
126            </intent-filter>
127            <intent-filter>
127-->[androidx.profileinstaller:profileinstaller:1.3.1] AndroidManifest.xml:46:13-48:29
128                <action android:name="androidx.profileinstaller.action.SAVE_PROFILE" />
128-->[androidx.profileinstaller:profileinstaller:1.3.1] AndroidManifest.xml:47:17-88
128-->[androidx.profileinstaller:profileinstaller:1.3.1] AndroidManifest.xml:47:25-85
129            </intent-filter>
130            <intent-filter>
130-->[androidx.profileinstaller:profileinstaller:1.3.1] AndroidManifest.xml:49:13-51:29
131                <action android:name="androidx.profileinstaller.action.BENCHMARK_OPERATION" />
131-->[androidx.profileinstaller:profileinstaller:1.3.1] AndroidManifest.xml:50:17-95
131-->[androidx.profileinstaller:profileinstaller:1.3.1] AndroidManifest.xml:50:25-92
132            </intent-filter>
133        </receiver>
134    </application>
135
136</manifest>